The system is: Windows - 10.0.18363 - AMD64
Compiling the C compiler identification source file "CMakeCCompilerId.c" succeeded.
Compiler: H:/VisualStudio/VC/Tools/MSVC/14.29.30133/bin/Hostx64/x64/cl.exe 
Build flags: 
Id flags:  

The output was:
0
Compilateur d'optimisation Microsoft (R) C/C++ version 19.29.30133 pour x64
Copyright (C) Microsoft Corporation. Tous droits réservés.

CMakeCCompilerId.c
Microsoft (R) Incremental Linker Version 14.29.30133.0
Copyright (C) Microsoft Corporation.  All rights reserved.

/out:CMakeCCompilerId.exe 
CMakeCCompilerId.obj 


Compilation of the C compiler identification source "CMakeCCompilerId.c" produced "CMakeCCompilerId.exe"

Compilation of the C compiler identification source "CMakeCCompilerId.c" produced "CMakeCCompilerId.obj"

The C compiler identification is MSVC, found in "I:/source/repos/CtoCpp/out/build/x64-Debug/CMakeFiles/3.20.21032501-MSVC_2/CompilerIdC/CMakeCCompilerId.exe"

Compiling the CXX compiler identification source file "CMakeCXXCompilerId.cpp" succeeded.
Compiler: H:/VisualStudio/VC/Tools/MSVC/14.29.30133/bin/Hostx64/x64/cl.exe 
Build flags: 
Id flags:  

The output was:
0
Compilateur d'optimisation Microsoft (R) C/C++ version 19.29.30133 pour x64
Copyright (C) Microsoft Corporation. Tous droits réservés.

CMakeCXXCompilerId.cpp
Microsoft (R) Incremental Linker Version 14.29.30133.0
Copyright (C) Microsoft Corporation.  All rights reserved.

/out:CMakeCXXCompilerId.exe 
CMakeCXXCompilerId.obj 


Compilation of the CXX compiler identification source "CMakeCXXCompilerId.cpp" produced "CMakeCXXCompilerId.exe"

Compilation of the CXX compiler identification source "CMakeCXXCompilerId.cpp" produced "CMakeCXXCompilerId.obj"

The CXX compiler identification is MSVC, found in "I:/source/repos/CtoCpp/out/build/x64-Debug/CMakeFiles/3.20.21032501-MSVC_2/CompilerIdCXX/CMakeCXXCompilerId.exe"

Detecting C compiler ABI info compiled with the following output:
Change Dir: I:/source/repos/CtoCpp/out/build/x64-Debug/CMakeFiles/CMakeTmp

Run Build Command(s):h:\visualstudio\common7\ide\commonextensions\microsoft\cmake\Ninja\ninja.exe cmTC_dfa24 && [1/2] Building C object CMakeFiles\cmTC_dfa24.dir\CMakeCCompilerABI.c.obj
[2/2] Linking C executable cmTC_dfa24.exe



Detecting CXX compiler ABI info compiled with the following output:
Change Dir: I:/source/repos/CtoCpp/out/build/x64-Debug/CMakeFiles/CMakeTmp

Run Build Command(s):h:\visualstudio\common7\ide\commonextensions\microsoft\cmake\Ninja\ninja.exe cmTC_2bbf5 && [1/2] Building CXX object CMakeFiles\cmTC_2bbf5.dir\CMakeCXXCompilerABI.cpp.obj
[2/2] Linking CXX executable cmTC_2bbf5.exe



